<?xml version="1.0" encoding="UTF-8"?>
<!-- Generated by org.testng.reporters.JUnitReportReporter -->
<testsuite hostname="DESKTOP-1A4HR8H" failures="0" tests="1" name="scripts.Testcase2" time="0.010" errors="0" timestamp="2022-08-29T10:16:20 IST" skipped="0">
  <testcase classname="scripts.Testcase2" name="tc2" time="0.010"/>
  <system-out>
    <![CDATA[hello selenium]]>
  </system-out>
</testsuite> <!-- scripts.Testcase2 -->
