<?xml version="1.0" encoding="UTF-8"?>
<!-- Generated by org.testng.reporters.JUnitReportReporter -->
<testsuite hostname="DESKTOP-1A4HR8H" failures="0" tests="1" name="scripts.Testcase1" time="0.005" errors="0" timestamp="2022-08-29T10:16:20 IST" skipped="0">
  <testcase classname="scripts.Testcase1" name="tc1" time="0.005"/>
  <system-out>
    <![CDATA[hello java]]>
  </system-out>
</testsuite> <!-- scripts.Testcase1 -->
